GET /api/student/63905a7c8a49f0d1eeb2e54f 200 234 105.544 ms Wed, 07 Dec 2022 13:19:17 GMT -
GET /api/student 200 943 51.650 ms Wed, 07 Dec 2022 13:19:52 GMT -
POST /api/student/add/200 500 634 24.326 ms Fri, 09 Dec 2022 07:22:54 GMT application/json
POST /api/student/add/200 500 1245 25.289 ms Fri, 09 Dec 2022 07:24:43 GMT application/json
POST /api/student/add/200 500 1245 3.402 ms Fri, 09 Dec 2022 07:24:50 GMT application/json
POST /api/student/add/200 400 1032 1.467 ms Fri, 09 Dec 2022 07:25:18 GMT application/json
POST /api/student/add/200 200 218 78.830 ms Fri, 09 Dec 2022 07:25:32 GMT application/json
POST /api/student/add/200 500 1244 2.711 ms Fri, 09 Dec 2022 07:26:30 GMT application/json
POST /api/student/add/200 400 1033 1.345 ms Fri, 09 Dec 2022 07:26:47 GMT application/json
POST /api/student/add/200 400 1032 1.258 ms Fri, 09 Dec 2022 07:27:14 GMT application/json
POST /api/student/add/200 500 1244 2.523 ms Fri, 09 Dec 2022 07:27:18 GMT application/json
POST /api/student/add/200 500 1244 36.458 ms Fri, 09 Dec 2022 07:27:35 GMT application/json
POST /api/student/add/200 400 1033 2.710 ms Fri, 09 Dec 2022 07:28:08 GMT application/json
POST /api/student/add/200 200 218 308.661 ms Fri, 09 Dec 2022 07:28:42 GMT application/json
POST /api/student/add/200 200 218 64.013 ms Fri, 09 Dec 2022 07:29:04 GMT application/json
POST /api/student/add/639059aa021986ba21e265aa 200 239 95.744 ms Fri, 09 Dec 2022 07:30:39 GMT application/json
POST /api/grade/add 500 656 21.482 ms Fri, 09 Dec 2022 07:34:48 GMT application/json
POST /api/grade/add 500 608 3.746 ms Fri, 09 Dec 2022 07:35:29 GMT application/json
POST /api/grade/add 500 608 2.725 ms Fri, 09 Dec 2022 07:35:36 GMT application/json
POST /api/grade/add 200 160 51.162 ms Fri, 09 Dec 2022 07:35:51 GMT application/json
POST /api/student/add/1 500 704 39.669 ms Fri, 09 Dec 2022 07:51:26 GMT application/json
POST /api/student/add/639059aa021986ba21e265aa 400 1033 2.197 ms Fri, 09 Dec 2022 07:53:31 GMT application/json
POST /api/student/add/639059aa021986ba21e265aa 500 598 2.720 ms Fri, 09 Dec 2022 07:54:39 GMT application/json
POST /api/student/add/639059aa021986ba21e265aa 400 1032 0.867 ms Fri, 09 Dec 2022 07:54:53 GMT application/json
POST /api/student/add/639059aa021986ba21e265aa 400 1032 1.067 ms Fri, 09 Dec 2022 07:55:04 GMT application/json
POST /api/student/add/639059aa021986ba21e265aa 200 242 90.461 ms Fri, 09 Dec 2022 07:55:12 GMT application/json
POST /api/student/add/639059aa021986ba21e265aa 200 242 110.466 ms Fri, 09 Dec 2022 07:57:08 GMT application/json
POST /api/grade/add 400 1033 5.187 ms Fri, 09 Dec 2022 07:58:25 GMT application/json
POST /api/grade/add 200 179 55.403 ms Fri, 09 Dec 2022 07:58:32 GMT application/json
POST /api/student/add/639059d5dc1334ac3aa56555 200 242 77.084 ms Fri, 09 Dec 2022 08:02:38 GMT application/json
POST /api/student/add/6392eaa80c6fe333353dd9e8 400 1033 0.975 ms Fri, 09 Dec 2022 08:03:43 GMT application/json
POST /api/student/add/6392eaa80c6fe333353dd9e8 200 239 93.858 ms Fri, 09 Dec 2022 08:03:49 GMT application/json
POST /api/student 404 151 18.838 ms Fri, 09 Dec 2022 09:05:20 GMT application/json
GET /api/student 200 2355 71.106 ms Fri, 09 Dec 2022 09:05:27 GMT application/json
PUT /api/student/6392ebe50c6fe333353dd9ed 200 215 77.970 ms Fri, 09 Dec 2022 09:06:00 GMT application/json
GET /api/student/6392ebe50c6fe333353dd9ed 200 215 34.273 ms Fri, 09 Dec 2022 09:06:59 GMT application/json
DELETE /api/student/6392ebe50c6fe333353dd9ed 200 - 59.929 ms Fri, 09 Dec 2022 09:07:06 GMT application/json
GET /api/student/ 200 2115 154.887 ms Fri, 09 Dec 2022 09:08:13 GMT application/json
GET /api/grade/ 200 1547 42.804 ms Fri, 09 Dec 2022 09:08:23 GMT application/json
PUT /api/grade/6392eaa80c6fe333353dd9e8 200 204 48.521 ms Fri, 09 Dec 2022 09:08:59 GMT application/json
DELETE /api/grade/6392eaa80c6fe333353dd9e8 200 - 467.920 ms Fri, 09 Dec 2022 09:09:10 GMT application/json
GET /api/grade 200 1341 73.281 ms Fri, 09 Dec 2022 09:16:57 GMT application/json
GET /api/grade/639059aa021986ba21e265aa 200 267 35.302 ms Fri, 09 Dec 2022 09:17:05 GMT application/json
GET /api/grade/639059aa021986ba21e265a 500 499 3.215 ms Fri, 09 Dec 2022 09:17:28 GMT application/json
GET /api/grade/639059aa021986ba21e265a 500 499 20.450 ms Fri, 09 Dec 2022 09:17:51 GMT application/json
GET /api/grade/639059aa021986ba21e265a 500 499 19.407 ms Fri, 09 Dec 2022 09:21:56 GMT application/json
GET /api/grade/639059aa021986ba21e265a 500 499 36.458 ms Fri, 09 Dec 2022 09:22:13 GMT application/json
GET /api/grade/639059aa021986ba21e265a 500 499 18.900 ms Fri, 09 Dec 2022 09:22:29 GMT application/json
GET /api/grade/639059aa021986ba21e265aa 200 267 60.792 ms Fri, 09 Dec 2022 09:25:45 GMT application/json
GET /api/grade/639059aa021986ba21e265a 500 499 7.729 ms Fri, 09 Dec 2022 09:25:49 GMT application/json
GET /api/grade/639059aa021986ba21e265a 500 499 23.311 ms Fri, 09 Dec 2022 09:26:26 GMT application/json
GET /api/grade/639059aa021986ba21e265a 500 499 22.110 ms Fri, 09 Dec 2022 09:26:42 GMT application/json
GET /api/grade/639059aa021986ba21e265a 500 499 30.984 ms Fri, 09 Dec 2022 09:30:00 GMT application/json
GET /api/grade/639059aa021986ba21e265aa 200 267 40.552 ms Fri, 09 Dec 2022 09:30:24 GMT application/json
GET /api/grade 200 1341 91.924 ms Fri, 09 Dec 2022 09:30:40 GMT application/json
GET /api/grad 404 147 2.140 ms Fri, 09 Dec 2022 09:30:45 GMT application/json
GET /api/grade 200 38 19.973 ms Fri, 09 Dec 2022 09:31:15 GMT application/json
GET /api/grade/add 500 479 21.642 ms Fri, 09 Dec 2022 09:34:45 GMT application/json
GET /api/grade/add 500 479 23.850 ms Fri, 09 Dec 2022 09:35:14 GMT application/json
POST /api/grade/add 200 38 39.416 ms Fri, 09 Dec 2022 09:35:18 GMT application/json
POST /api/grade/add 500 614 41.012 ms Fri, 09 Dec 2022 09:35:39 GMT application/json
POST /api/grade/add 500 614 11.366 ms Fri, 09 Dec 2022 09:35:56 GMT application/json
POST /api/grade/add 200 178 56.791 ms Fri, 09 Dec 2022 09:36:40 GMT application/json
POST /api/grade/ad 404 152 1.041 ms Fri, 09 Dec 2022 09:37:14 GMT application/json
POST /api/grade/ad 404 152 18.749 ms Fri, 09 Dec 2022 09:38:28 GMT application/json
POST /api/grade/add 500 1308 157.144 ms Fri, 09 Dec 2022 09:39:01 GMT application/json
POST /api/grade/add 400 1033 1.361 ms Fri, 09 Dec 2022 09:39:21 GMT application/json
POST /api/grade/add 400 1033 1.226 ms Fri, 09 Dec 2022 09:39:34 GMT application/json
POST /api/grade/add 400 1033 12.808 ms Fri, 09 Dec 2022 09:40:37 GMT application/json
POST /api/grade/add 200 177 936.069 ms Fri, 09 Dec 2022 09:40:43 GMT application/json
POST /api/grade/add 200 38 26.527 ms Fri, 09 Dec 2022 09:41:01 GMT application/json
GET /api/grade 200 1698 70.429 ms Fri, 09 Dec 2022 09:46:04 GMT application/json
PUT /api/grade/639059aa021986ba21e265aa 200 47 2.176 ms Fri, 09 Dec 2022 09:46:17 GMT application/json
PUT /api/grade/639059aa021986ba21e265aa 200 47 60.927 ms Fri, 09 Dec 2022 09:46:35 GMT application/json
PUT /api/grade/639059aa021986ba21e265aa 200 47 120.955 ms Fri, 09 Dec 2022 09:46:57 GMT application/json
PUT /api/grade/639059aa021986ba21e265aa 200 47 59.280 ms Fri, 09 Dec 2022 09:47:14 GMT application/json
PUT /api/grade/639059aa021986ba21e265a 200 47 4.183 ms Fri, 09 Dec 2022 09:47:41 GMT application/json
PUT /api/grade/639059aa021986ba21e265 200 47 1.912 ms Fri, 09 Dec 2022 09:47:47 GMT application/json
GET /api/grade 200 1698 121.591 ms Fri, 09 Dec 2022 09:47:53 GMT application/json
PUT /api/grade/639059c9dc1334ac3aa56551 200 58 83.991 ms Fri, 09 Dec 2022 09:48:11 GMT application/json
PUT /api/grade/639059c9dc1334ac3aa56551 200 271 109.467 ms Fri, 09 Dec 2022 09:50:15 GMT application/json
DELETE /api/grade/639059c9dc1334ac3aa56551 200 47 64.801 ms Fri, 09 Dec 2022 09:52:26 GMT application/json
DELETE /api/grade/639059c9dc1334ac3aa56551 200 50 19.801 ms Fri, 09 Dec 2022 09:52:39 GMT application/json
DELETE /api/student/add/639059c9dc1334ac3aa56551 400 1033 15.004 ms Fri, 09 Dec 2022 10:01:09 GMT application/json
POST /api/student/add/639059c9dc1334ac3aa56551 400 1033 1.766 ms Fri, 09 Dec 2022 10:01:29 GMT application/json
GET /api/grade 400 1033 1.149 ms Fri, 09 Dec 2022 10:02:08 GMT application/json
GET /api/grade 400 1033 14.851 ms Fri, 09 Dec 2022 10:02:33 GMT application/json
GET /api/grade 200 1511 58.817 ms Fri, 09 Dec 2022 10:02:42 GMT application/json
POST /api/grade/add/639059aa021986ba21e265aa 404 178 1.044 ms Fri, 09 Dec 2022 10:03:02 GMT application/json
POST /api/grade/add/639059aa021986ba21e265aa 404 178 1.156 ms Fri, 09 Dec 2022 10:04:18 GMT application/json
POST /api/grade/add/639059aa021986ba21e265aa 404 178 0.775 ms Fri, 09 Dec 2022 10:04:33 GMT application/json
POST /api/grade/add/639059aa021986ba21e265aa 404 178 14.451 ms Fri, 09 Dec 2022 10:05:09 GMT application/json
POST /api/student/add/639059aa021986ba21e265aa 200 293 112.534 ms Fri, 09 Dec 2022 10:05:38 GMT application/json
POST /api/student/add/639059aa021986ba21e265a 200 47 83.563 ms Fri, 09 Dec 2022 10:06:10 GMT application/json
POST /api/student/add/639059aa021986ba21e265aa 200 57 12.079 ms Fri, 09 Dec 2022 10:07:09 GMT application/json
POST /api/student/639059aa021986ba21e265aa 404 176 14.526 ms Fri, 09 Dec 2022 10:08:37 GMT application/json
PUT /api/student/639059aa021986ba21e265aa 200 59 50.588 ms Fri, 09 Dec 2022 10:08:43 GMT application/json
PUT /api/student/639059aa021986ba21e265aa 200 59 179.264 ms Fri, 09 Dec 2022 10:09:25 GMT application/json
PUT /api/student/639059aa021986ba21e265aa 200 59 49.527 ms Fri, 09 Dec 2022 10:10:04 GMT application/json
GET /api/student 200 2592 78.609 ms Fri, 09 Dec 2022 10:11:25 GMT application/json
PUT /api/student/639041a392bf01bdc2c97bed 200 284 61.784 ms Fri, 09 Dec 2022 10:11:33 GMT application/json
PUT /api/student/639059aa021986ba21e265aa 200 59 30.388 ms Fri, 09 Dec 2022 10:11:48 GMT application/json
PUT /api/student/639059aa021986ba21e265a 200 40 2.302 ms Fri, 09 Dec 2022 10:13:28 GMT application/json
PUT /api/student/639059aa021986ba21e265aa 200 59 654.580 ms Fri, 09 Dec 2022 10:13:34 GMT application/json
PUT /api/student/639059aa021986ba21e265aa 200 59 54.394 ms Fri, 09 Dec 2022 10:14:01 GMT application/json
PUT /api/student/639059aa021986ba21e265aa 200 59 52.040 ms Fri, 09 Dec 2022 10:14:11 GMT application/json
PUT /api/student/639059aa021986ba21e265a 200 40 1.398 ms Fri, 09 Dec 2022 10:14:19 GMT application/json
GET /api/student 200 2650 93.054 ms Fri, 09 Dec 2022 10:23:15 GMT application/json
GET /api/student/639041a392bf01bdc2c97bed 200 293 298.715 ms Fri, 09 Dec 2022 10:24:35 GMT application/json
POST /api/grade/add 200 48 39.562 ms Fri, 09 Dec 2022 11:06:26 GMT application/json
POST /api/grade/add 200 48 59.295 ms Fri, 09 Dec 2022 11:07:24 GMT application/json
POST /api/grade/add 200 48 98.074 ms Fri, 09 Dec 2022 11:07:27 GMT application/json
POST /api/grade/add 200 48 73.650 ms Fri, 09 Dec 2022 11:09:54 GMT application/json
POST /api/grade/add 200 48 61.656 ms Fri, 09 Dec 2022 11:11:30 GMT application/json
POST /api/grade/add 500 48 70.204 ms Fri, 09 Dec 2022 11:12:16 GMT application/json
POST /api/grade/add 500 48 151.461 ms Fri, 09 Dec 2022 11:12:43 GMT application/json
POST /api/grade/add 200 164 134.002 ms Fri, 09 Dec 2022 11:13:44 GMT application/json
POST /api/grade/add 200 164 162.383 ms Fri, 09 Dec 2022 11:15:15 GMT application/json
POST /api/grade/add 400 1033 2.872 ms Fri, 09 Dec 2022 11:15:21 GMT application/json
POST /api/grade/add 500 98 4.992 ms Fri, 09 Dec 2022 11:15:30 GMT application/json
GET /api/grade? 200 331 39.946 ms Fri, 09 Dec 2022 11:16:43 GMT -
GET /api/grade 200 331 66.719 ms Fri, 09 Dec 2022 11:17:43 GMT -
POST /api/grade/add 200 164 61.812 ms Fri, 09 Dec 2022 11:18:22 GMT application/json
GET /api/grade 200 496 35.319 ms Fri, 09 Dec 2022 11:18:44 GMT -
GET /api/grade/63903d872df2658a4f13830b 200 4 31.260 ms Fri, 09 Dec 2022 11:19:06 GMT -
GET /api/grade/639318c3d29cd6429c3df054 200 164 55.495 ms Fri, 09 Dec 2022 11:19:21 GMT -
PUT /api/grade/?_id=639318c3d29cd6429c3df054 200 232 60.306 ms Fri, 09 Dec 2022 11:26:48 GMT -
POST /api/student/add/639318c3d29cd6429c3df054 200 90 24.791 ms Fri, 09 Dec 2022 11:35:08 GMT application/json
POST /api/student/add/639318c3d29cd6429c3df054 200 90 35.580 ms Fri, 09 Dec 2022 11:35:50 GMT application/json
POST /api/student/add 200 90 30.052 ms Fri, 09 Dec 2022 11:36:39 GMT application/json
POST /api/student/add 200 297 82.872 ms Fri, 09 Dec 2022 11:38:44 GMT application/json
POST /api/student/all/grade?gradeID=639318c3d29cd6429c3df054 200 446 106.808 ms Fri, 09 Dec 2022 11:49:04 GMT application/json
POST /api/student/all/grade?gradeID=639318c3d29cd6429c3df054 200 823 75.015 ms Fri, 09 Dec 2022 11:52:07 GMT application/json
